[ 2018-09-09T08:52:34+08:00 ] 127.0.0.1 /index.php?g=Admin&m=public&a=dologin
INFO: [ app_begin ] --START--
INFO: Run Behavior\ReadHtmlCacheBehavior [ RunTime:0.000337s ]
INFO: Run Behavior\CheckLangBehavior [ RunTime:0.000903s ]
INFO: [ app_begin ] --END-- [ RunTime:0.001528s ]
SQL: SHOW COLUMNS FROM `data_users` [ RunTime:0.0197s ]
SQL: SELECT * FROM `data_users` WHERE `user_login` = 'admin' LIMIT 1   [ RunTime:0.0003s ]
SQL: SHOW COLUMNS FROM `data_role_user` [ RunTime:0.0309s ]
SQL: SELECT `role_id` FROM data_role_user a INNER JOIN data_role as b on a.role_id =b.id  WHERE `user_id` = '1' AND `status` = 1  [ RunTime:0.0013s ]
SQL: UPDATE `data_users` SET `user_login`='admin',`user_pass`='###860d4a9905843a85391d8d05adef5748',`user_nicename`='admin',`user_email`='mindasiy@sina.com',`user_url`='',`avatar`=NULL,`sex`='0',`birthday`=NULL,`signature`=NULL,`last_login_ip`='127.0.0.1',`last_login_time`='2018-09-09 08:52:34',`create_time`='2018-04-23 12:52:27',`user_activation_key`='',`user_status`='1',`score`='0',`user_type`='1',`coin`='0',`mobile`='' WHERE `id` = '1' [ RunTime:0.0003s ]

[ 2018-09-09T16:20:59+08:00 ] 127.0.0.1 /index.php?g=Admin&m=slidecat&a=edit_post
INFO: [ app_begin ] --START--
INFO: Run Behavior\ReadHtmlCacheBehavior [ RunTime:0.000341s ]
INFO: Run Behavior\CheckLangBehavior [ RunTime:0.000741s ]
INFO: [ app_begin ] --END-- [ RunTime:0.001332s ]
SQL: SHOW COLUMNS FROM `data_users` [ RunTime:0.0204s ]
SQL: SELECT * FROM `data_users` WHERE ( id=1 ) LIMIT 1   [ RunTime:0.0003s ]
SQL: SHOW COLUMNS FROM `data_slide_cat` [ RunTime:0.0175s ]
NOTIC: [8] Undefined index: validate F:\www\meiguili\simplewind\Core\Library\Think\Model.class.php 第 1185 行.
NOTIC: [8] Undefined index: auto F:\www\meiguili\simplewind\Core\Library\Think\Model.class.php 第 1128 行.
SQL: UPDATE `data_slide_cat` SET `cat_name`='北京',`cat_idname`='mgl-banner',`cat_remark`='婚庆和商务的首页、一站式服务、婚宴报价、关于玫瑰里公共幻灯' WHERE `cid` = 1 [ RunTime:0.0002s ]

[ 2018-09-09T16:21:16+08:00 ] 127.0.0.1 /index.php?g=Admin&m=slidecat&a=add_post
INFO: [ app_begin ] --START--
INFO: Run Behavior\ReadHtmlCacheBehavior [ RunTime:0.000314s ]
INFO: Run Behavior\CheckLangBehavior [ RunTime:0.000842s ]
INFO: [ app_begin ] --END-- [ RunTime:0.001405s ]
SQL: SHOW COLUMNS FROM `data_users` [ RunTime:0.0191s ]
SQL: SELECT * FROM `data_users` WHERE ( id=1 ) LIMIT 1   [ RunTime:0.0002s ]
SQL: SHOW COLUMNS FROM `data_slide_cat` [ RunTime:0.0159s ]
NOTIC: [8] Undefined index: validate F:\www\meiguili\simplewind\Core\Library\Think\Model.class.php 第 1185 行.

[ 2018-09-09T16:21:48+08:00 ] 127.0.0.1 /index.php?g=Admin&m=slidecat&a=add_post
INFO: [ app_begin ] --START--
INFO: Run Behavior\ReadHtmlCacheBehavior [ RunTime:0.000327s ]
INFO: Run Behavior\CheckLangBehavior [ RunTime:0.000782s ]
INFO: [ app_begin ] --END-- [ RunTime:0.001356s ]
SQL: SHOW COLUMNS FROM `data_users` [ RunTime:0.0203s ]
SQL: SELECT * FROM `data_users` WHERE ( id=1 ) LIMIT 1   [ RunTime:0.0003s ]
SQL: SHOW COLUMNS FROM `data_slide_cat` [ RunTime:0.0206s ]
NOTIC: [8] Undefined index: validate F:\www\meiguili\simplewind\Core\Library\Think\Model.class.php 第 1185 行.
NOTIC: [8] Undefined index: auto F:\www\meiguili\simplewind\Core\Library\Think\Model.class.php 第 1128 行.
SQL: INSERT INTO `data_slide_cat` (`cat_name`,`cat_idname`,`cat_remark`) VALUES ('上海','sh-banner','') [ RunTime:0.0004s ]

[ 2018-09-09T16:22:11+08:00 ] 127.0.0.1 /index.php?g=Admin&m=slidecat&a=add_post
INFO: [ app_begin ] --START--
INFO: Run Behavior\ReadHtmlCacheBehavior [ RunTime:0.000395s ]
INFO: Run Behavior\CheckLangBehavior [ RunTime:0.001038s ]
INFO: [ app_begin ] --END-- [ RunTime:0.001762s ]
SQL: SHOW COLUMNS FROM `data_users` [ RunTime:0.0404s ]
SQL: SELECT * FROM `data_users` WHERE ( id=1 ) LIMIT 1   [ RunTime:0.0008s ]
SQL: SHOW COLUMNS FROM `data_slide_cat` [ RunTime:0.0331s ]
NOTIC: [8] Undefined index: validate F:\www\meiguili\simplewind\Core\Library\Think\Model.class.php 第 1185 行.
NOTIC: [8] Undefined index: auto F:\www\meiguili\simplewind\Core\Library\Think\Model.class.php 第 1128 行.
SQL: INSERT INTO `data_slide_cat` (`cat_name`,`cat_idname`,`cat_remark`) VALUES ('天津','tj-banner','') [ RunTime:0.0004s ]

[ 2018-09-09T16:23:39+08:00 ] 127.0.0.1 /index.php?g=Admin&m=slidecat&a=add_post
INFO: [ app_begin ] --START--
INFO: Run Behavior\ReadHtmlCacheBehavior [ RunTime:0.000302s ]
INFO: Run Behavior\CheckLangBehavior [ RunTime:0.000714s ]
INFO: [ app_begin ] --END-- [ RunTime:0.001252s ]
SQL: SHOW COLUMNS FROM `data_users` [ RunTime:0.0379s ]
SQL: SELECT * FROM `data_users` WHERE ( id=1 ) LIMIT 1   [ RunTime:0.0004s ]
SQL: SHOW COLUMNS FROM `data_slide_cat` [ RunTime:0.0243s ]
NOTIC: [8] Undefined index: validate F:\www\meiguili\simplewind\Core\Library\Think\Model.class.php 第 1185 行.
NOTIC: [8] Undefined index: auto F:\www\meiguili\simplewind\Core\Library\Think\Model.class.php 第 1128 行.
SQL: INSERT INTO `data_slide_cat` (`cat_name`,`cat_idname`,`cat_remark`) VALUES ('南京·外秦','njwq-banner','') [ RunTime:0.0002s ]

[ 2018-09-09T16:24:06+08:00 ] 127.0.0.1 /index.php?g=Admin&m=slidecat&a=add_post
INFO: [ app_begin ] --START--
INFO: Run Behavior\ReadHtmlCacheBehavior [ RunTime:0.000308s ]
INFO: Run Behavior\CheckLangBehavior [ RunTime:0.000950s ]
INFO: [ app_begin ] --END-- [ RunTime:0.001499s ]
SQL: SHOW COLUMNS FROM `data_users` [ RunTime:0.0580s ]
SQL: SELECT * FROM `data_users` WHERE ( id=1 ) LIMIT 1   [ RunTime:0.0005s ]
SQL: SHOW COLUMNS FROM `data_slide_cat` [ RunTime:0.0259s ]
NOTIC: [8] Undefined index: validate F:\www\meiguili\simplewind\Core\Library\Think\Model.class.php 第 1185 行.
NOTIC: [8] Undefined index: auto F:\www\meiguili\simplewind\Core\Library\Think\Model.class.php 第 1128 行.
SQL: INSERT INTO `data_slide_cat` (`cat_name`,`cat_idname`,`cat_remark`) VALUES ('南京·1865','nj-banner','') [ RunTime:0.0002s ]

[ 2018-09-09T16:37:17+08:00 ] 127.0.0.1 /index.php?g=Admin&m=slide&a=add_post
INFO: [ app_begin ] --START--
INFO: Run Behavior\ReadHtmlCacheBehavior [ RunTime:0.000398s ]
INFO: Run Behavior\CheckLangBehavior [ RunTime:0.001191s ]
INFO: [ app_begin ] --END-- [ RunTime:0.001831s ]
SQL: SHOW COLUMNS FROM `data_users` [ RunTime:0.0485s ]
SQL: SELECT * FROM `data_users` WHERE ( id=1 ) LIMIT 1   [ RunTime:0.0007s ]
SQL: SHOW COLUMNS FROM `data_slide` [ RunTime:0.0323s ]
SQL: SHOW COLUMNS FROM `data_slide_cat` [ RunTime:0.0211s ]
NOTIC: [8] Undefined index: validate F:\www\meiguili\simplewind\Core\Library\Think\Model.class.php 第 1185 行.
NOTIC: [8] Undefined index: auto F:\www\meiguili\simplewind\Core\Library\Think\Model.class.php 第 1128 行.
SQL: INSERT INTO `data_slide` (`slide_cid`,`slide_name`,`slide_url`,`slide_des`,`slide_content`,`slide_pic`) VALUES ('2','测试','','','','/data/upload/20180909/5b94dbb9a059a.jpeg') [ RunTime:0.0002s ]

[ 2018-09-09T16:37:47+08:00 ] 127.0.0.1 /index.php?g=Admin&m=slide&a=ban&id=9
INFO: [ app_begin ] --START--
INFO: Run Behavior\ReadHtmlCacheBehavior [ RunTime:0.000319s ]
INFO: Run Behavior\CheckLangBehavior [ RunTime:0.000703s ]
INFO: [ app_begin ] --END-- [ RunTime:0.001260s ]
SQL: SHOW COLUMNS FROM `data_users` [ RunTime:0.0409s ]
SQL: SELECT * FROM `data_users` WHERE ( id=1 ) LIMIT 1   [ RunTime:0.0003s ]
SQL: SHOW COLUMNS FROM `data_slide` [ RunTime:0.0171s ]
SQL: SHOW COLUMNS FROM `data_slide_cat` [ RunTime:0.0172s ]
SQL: UPDATE `data_slide` SET `slide_status`='0' WHERE ( slide_id in (9) ) [ RunTime:0.0002s ]

[ 2018-09-09T16:37:56+08:00 ] 127.0.0.1 /index.php?g=Admin&m=slide&a=delete&id=9
INFO: [ app_begin ] --START--
INFO: Run Behavior\ReadHtmlCacheBehavior [ RunTime:0.000319s ]
INFO: Run Behavior\CheckLangBehavior [ RunTime:0.000697s ]
INFO: [ app_begin ] --END-- [ RunTime:0.001252s ]
SQL: SHOW COLUMNS FROM `data_users` [ RunTime:0.0303s ]
SQL: SELECT * FROM `data_users` WHERE ( id=1 ) LIMIT 1   [ RunTime:0.0003s ]
SQL: SHOW COLUMNS FROM `data_slide` [ RunTime:0.0225s ]
SQL: SHOW COLUMNS FROM `data_slide_cat` [ RunTime:0.0219s ]
SQL: DELETE FROM `data_slide` WHERE `slide_id` = 9 [ RunTime:0.0002s ]

[ 2018-09-09T17:34:46+08:00 ] 127.0.0.1 /index.php?g=Admin&m=slidecat&a=edit_post
INFO: [ app_begin ] --START--
INFO: Run Behavior\ReadHtmlCacheBehavior [ RunTime:0.000386s ]
INFO: Run Behavior\CheckLangBehavior [ RunTime:0.001175s ]
INFO: [ app_begin ] --END-- [ RunTime:0.001856s ]
SQL: SHOW COLUMNS FROM `data_users` [ RunTime:0.0475s ]
SQL: SELECT * FROM `data_users` WHERE ( id=1 ) LIMIT 1   [ RunTime:0.0003s ]
SQL: SHOW COLUMNS FROM `data_slide_cat` [ RunTime:0.0225s ]
NOTIC: [8] Undefined index: validate F:\www\meiguili\simplewind\Core\Library\Think\Model.class.php 第 1185 行.
NOTIC: [8] Undefined index: auto F:\www\meiguili\simplewind\Core\Library\Think\Model.class.php 第 1128 行.
SQL: UPDATE `data_slide_cat` SET `cat_name`='南京·外秦淮',`cat_idname`='njwq-banner',`cat_remark`='' WHERE `cid` = 4 [ RunTime:0.0002s ]

