[ 2018-09-10T11:31:37+08:00 ] 127.0.0.1 /index.php?g=user&m=index&a=is_login
INFO: [ app_begin ] --START--
INFO: Run Behavior\ReadHtmlCacheBehavior [ RunTime:0.000350s ]
INFO: Run Behavior\CheckLangBehavior [ RunTime:0.000510s ]
INFO: [ app_begin ] --END-- [ RunTime:0.001118s ]
NOTIC: [8] Undefined index: url F:\www\meiguili\application\Common\Controller\AppframeController.class.php 第 24 行.

[ 2018-09-10T11:31:41+08:00 ] 127.0.0.1 /index.php?g=user&m=index&a=is_login
INFO: [ app_begin ] --START--
INFO: Run Behavior\ReadHtmlCacheBehavior [ RunTime:0.000458s ]
INFO: Run Behavior\CheckLangBehavior [ RunTime:0.001535s ]
INFO: [ app_begin ] --END-- [ RunTime:0.002383s ]
NOTIC: [8] Undefined index: url F:\www\meiguili\application\Common\Controller\AppframeController.class.php 第 24 行.

[ 2018-09-10T11:31:49+08:00 ] 127.0.0.1 /index.php?g=user&m=index&a=is_login
INFO: [ app_begin ] --START--
INFO: Run Behavior\ReadHtmlCacheBehavior [ RunTime:0.000444s ]
INFO: Run Behavior\CheckLangBehavior [ RunTime:0.001221s ]
INFO: [ app_begin ] --END-- [ RunTime:0.002053s ]
NOTIC: [8] Undefined index: url F:\www\meiguili\application\Common\Controller\AppframeController.class.php 第 24 行.

[ 2018-09-10T11:31:52+08:00 ] 127.0.0.1 /index.php?g=user&m=index&a=is_login
INFO: [ app_begin ] --START--
INFO: Run Behavior\ReadHtmlCacheBehavior [ RunTime:0.000369s ]
INFO: Run Behavior\CheckLangBehavior [ RunTime:0.000539s ]
INFO: [ app_begin ] --END-- [ RunTime:0.001228s ]
NOTIC: [8] Undefined index: url F:\www\meiguili\application\Common\Controller\AppframeController.class.php 第 24 行.

[ 2018-09-10T11:31:55+08:00 ] 127.0.0.1 /index.php?g=user&m=index&a=is_login
INFO: [ app_begin ] --START--
INFO: Run Behavior\ReadHtmlCacheBehavior [ RunTime:0.000347s ]
INFO: Run Behavior\CheckLangBehavior [ RunTime:0.000503s ]
INFO: [ app_begin ] --END-- [ RunTime:0.001101s ]
NOTIC: [8] Undefined index: url F:\www\meiguili\application\Common\Controller\AppframeController.class.php 第 24 行.

[ 2018-09-10T11:31:58+08:00 ] 127.0.0.1 /index.php?g=user&m=index&a=is_login
INFO: [ app_begin ] --START--
INFO: Run Behavior\ReadHtmlCacheBehavior [ RunTime:0.000322s ]
INFO: Run Behavior\CheckLangBehavior [ RunTime:0.000520s ]
INFO: [ app_begin ] --END-- [ RunTime:0.001074s ]
NOTIC: [8] Undefined index: url F:\www\meiguili\application\Common\Controller\AppframeController.class.php 第 24 行.

